<?xml version="1.0" encoding="UTF-8"?>
<testsuites>
  <testsuite name="Report_Generation - @Project_Level.TS_02_Test_for_Subtraction_Operation -Report@TS_Level" time="1.57" tests="3" failures="0" errors="0" package="Report_Generation - @Project_Level" id="1">
    <properties>
[...]
</properties>
    <testcase name="TC_01_Subtraction_of_two_Positive_Numbers" time="0.429"/>
    <testcase name="TC_02_Subtraction_of_two_Negative_Numbers" time="0.33"/>
    <testcase name="TC_03_Subtraction_of_OnePositive_Number_&amp;_OneNegative_Numbers" time="0.419"/>
  </testsuite>
  <testsuite name="Report_Generation - @Project_Level.TS_03_Test_for_Multiplication_Operation" time="1.38" tests="3" failures="0" errors="0" package="Report_Generation - @Project_Level" id="2">
    <properties>
[...]
</properties>
    <testcase name="TC_01_Multiplication_of_two_Positive_Numbers" time="0.336"/>
    <testcase name="TC_02_Multiplication_of_two_Negative_Numbers" time="0.496"/>
    <testcase name="TC_03_Multiplication_of_OnePositive_Number_&amp;_OneNegative_Numbers" time="0.37"/>
  </testsuite>
  <testsuite name="Report_Generation - @Project_Level.TS_04_Test_for_Division_Operation" time="1.295" tests="3" failures="0" errors="0" package="Report_Generation - @Project_Level" id="3">
    <properties>
[...]
</properties>
    <testcase name="TC_01_Division_of_two_Positive_Numbers" time="0.392"/>
    <testcase name="TC_02_Division_of_two_Negative_Numbers" time="0.314"/>
    <testcase name="TC_03_Division_of_OnePositive_Number_&amp;_OneNegative_Numbers" time="0.342"/>
  </testsuite>
  <testsuite name="Report_Generation - @Project_Level.TS_01_Test_for_Addition_Operation" time="1.895" tests="3" failures="0" errors="0" package="Report_Generation - @Project_Level" id="4">
    <properties>
[...]
</properties>
    <testcase name="TC_01_Addition_of_two_Positive_Numbers - Report@TC_Level" time="0.702"/>
    <testcase name="TC_02_Addition_of_two_Negative_Numbers" time="0.443"/>
    <testcase name="TC_03_Addition_of_OnePositive_Number_&amp;_OneNegative_Numbers" time="0.328"/>
  </testsuite>
</testsuites>